<?xml version="1.0" encoding="UTF-8"?>
<coverage generated="1663171727067" clover="3.2.0">
  <project timestamp="1663171727067" name="All files">
    <metrics statements="52" coveredstatements="28" conditionals="44" coveredconditionals="30" methods="6" coveredmethods="3" elements="102" coveredelements="61" complexity="0" loc="52" ncloc="52" packages="3" files="5" classes="5"/>
    <package name="entities">
      <metrics statements="16" coveredstatements="7" conditionals="0" coveredconditionals="0" methods="3" coveredmethods="1"/>
      <file name="Address.js" path="C:\Users\Efim\Desktop\ANKO\zoo-js\src\entities\Address.js">
        <metrics statements="7" coveredstatements="7" conditionals="0" coveredconditionals="0" methods="1" coveredmethods="1"/>
        <line num="11" count="4" type="stmt"/>
        <line num="12" count="4" type="stmt"/>
        <line num="13" count="4" type="stmt"/>
        <line num="14" count="4" type="stmt"/>
        <line num="15" count="4" type="stmt"/>
        <line num="16" count="4" type="stmt"/>
        <line num="17" count="4" type="stmt"/>
      </file>
      <file name="Customer.js" path="C:\Users\Efim\Desktop\ANKO\zoo-js\src\entities\Customer.js">
        <metrics statements="7" coveredstatements="0" conditionals="0" coveredconditionals="0" methods="1" coveredmethods="0"/>
        <line num="14" count="0" type="stmt"/>
        <line num="15" count="0" type="stmt"/>
        <line num="16" count="0" type="stmt"/>
        <line num="17" count="0" type="stmt"/>
        <line num="18" count="0" type="stmt"/>
        <line num="19" count="0" type="stmt"/>
        <line num="25" count="0" type="stmt"/>
      </file>
      <file name="Person.js" path="C:\Users\Efim\Desktop\ANKO\zoo-js\src\entities\Person.js">
        <metrics statements="2" coveredstatements="0" conditionals="0" coveredconditionals="0" methods="1" coveredmethods="0"/>
        <line num="3" count="0" type="stmt"/>
        <line num="4" count="0" type="stmt"/>
      </file>
    </package>
    <package name="utils">
      <metrics statements="4" coveredstatements="3" conditionals="0" coveredconditionals="0" methods="2" coveredmethods="1"/>
      <file name="defaultValues.js" path="C:\Users\Efim\Desktop\ANKO\zoo-js\src\utils\defaultValues.js">
        <metrics statements="4" coveredstatements="3" conditionals="0" coveredconditionals="0" methods="2" coveredmethods="1"/>
        <line num="6" count="1" type="stmt"/>
        <line num="7" count="0" type="stmt"/>
        <line num="19" count="1" type="stmt"/>
        <line num="20" count="4" type="stmt"/>
      </file>
    </package>
    <package name="validators">
      <metrics statements="32" coveredstatements="18" conditionals="44" coveredconditionals="30" methods="1" coveredmethods="1"/>
      <file name="AddressValidator.js" path="C:\Users\Efim\Desktop\ANKO\zoo-js\src\validators\AddressValidator.js">
        <metrics statements="32" coveredstatements="18" conditionals="44" coveredconditionals="30" methods="1" coveredmethods="1"/>
        <line num="2" count="1" type="stmt"/>
        <line num="18" count="1" type="stmt"/>
        <line num="28" count="4" type="stmt"/>
        <line num="30" count="4" type="cond" truecount="1" falsecount="1"/>
        <line num="31" count="0" type="stmt"/>
        <line num="34" count="4" type="cond" truecount="1" falsecount="1"/>
        <line num="38" count="0" type="stmt"/>
        <line num="41" count="4" type="cond" truecount="1" falsecount="1"/>
        <line num="45" count="0" type="stmt"/>
        <line num="48" count="4" type="cond" truecount="1" falsecount="1"/>
        <line num="52" count="0" type="stmt"/>
        <line num="55" count="4" type="cond" truecount="1" falsecount="1"/>
        <line num="56" count="0" type="stmt"/>
        <line num="59" count="4" type="cond" truecount="1" falsecount="1"/>
        <line num="63" count="0" type="stmt"/>
        <line num="66" count="4" type="cond" truecount="1" falsecount="1"/>
        <line num="67" count="0" type="stmt"/>
        <line num="70" count="4" type="cond" truecount="3" falsecount="1"/>
        <line num="71" count="0" type="stmt"/>
        <line num="74" count="4" type="cond" truecount="1" falsecount="1"/>
        <line num="75" count="0" type="stmt"/>
        <line num="78" count="4" type="cond" truecount="1" falsecount="1"/>
        <line num="82" count="0" type="stmt"/>
        <line num="85" count="4" type="cond" truecount="1" falsecount="1"/>
        <line num="86" count="0" type="stmt"/>
        <line num="89" count="4" type="cond" truecount="1" falsecount="1"/>
        <line num="93" count="0" type="stmt"/>
        <line num="96" count="4" type="cond" truecount="1" falsecount="1"/>
        <line num="97" count="0" type="stmt"/>
        <line num="100" count="4" type="cond" truecount="1" falsecount="1"/>
        <line num="106" count="0" type="stmt"/>
        <line num="109" count="4" type="stmt"/>
      </file>
    </package>
  </project>
</coverage>
