{"C:\\Users\\Efim\\Desktop\\ANKO\\zoo-js\\src\\entities\\Address.js": {"path":"C:\\Users\\Efim\\Desktop\\ANKO\\zoo-js\\src\\entities\\Address.js","statementMap":{"0":{"start":{"line":11,"column":4},"end":{"line":11,"column":37}},"1":{"start":{"line":12,"column":4},"end":{"line":12,"column":37}},"2":{"start":{"line":13,"column":4},"end":{"line":13,"column":35}},"3":{"start":{"line":14,"column":4},"end":{"line":14,"column":21}},"4":{"start":{"line":15,"column":4},"end":{"line":15,"column":33}},"5":{"start":{"line":16,"column":4},"end":{"line":16,"column":23}},"6":{"start":{"line":17,"column":4},"end":{"line":17,"column":27}}},"fnMap":{"0":{"name":"(anonymous_0)","decl":{"start":{"line":2,"column":2},"end":{"line":2,"column":3}},"loc":{"start":{"line":10,"column":4},"end":{"line":18,"column":3}},"line":10}},"branchMap":{},"s":{"0":4,"1":4,"2":4,"3":4,"4":4,"5":4,"6":4},"f":{"0":4},"b":{},"_coverageSchema":"1a1c01bbd47fc00a2c39e90264f33305004495a9","hash":"5d70ce7d4e7e0b150ad6e2cd8807381ba360fac6"}
,"C:\\Users\\Efim\\Desktop\\ANKO\\zoo-js\\src\\entities\\Customer.js": {"path":"C:\\Users\\Efim\\Desktop\\ANKO\\zoo-js\\src\\entities\\Customer.js","statementMap":{"0":{"start":{"line":14,"column":4},"end":{"line":14,"column":31}},"1":{"start":{"line":15,"column":4},"end":{"line":15,"column":31}},"2":{"start":{"line":16,"column":4},"end":{"line":16,"column":23}},"3":{"start":{"line":17,"column":4},"end":{"line":17,"column":23}},"4":{"start":{"line":18,"column":4},"end":{"line":18,"column":23}},"5":{"start":{"line":19,"column":4},"end":{"line":24,"column":7}},"6":{"start":{"line":25,"column":4},"end":{"line":25,"column":55}}},"fnMap":{"0":{"name":"(anonymous_0)","decl":{"start":{"line":4,"column":2},"end":{"line":4,"column":3}},"loc":{"start":{"line":13,"column":4},"end":{"line":26,"column":3}},"line":13}},"branchMap":{},"s":{"0":0,"1":0,"2":0,"3":0,"4":0,"5":0,"6":0},"f":{"0":0},"b":{},"_coverageSchema":"1a1c01bbd47fc00a2c39e90264f33305004495a9","hash":"2db53bb9c66b12cabfe5c09fb790238159cb5212"}
,"C:\\Users\\Efim\\Desktop\\ANKO\\zoo-js\\src\\entities\\Person.js": {"path":"C:\\Users\\Efim\\Desktop\\ANKO\\zoo-js\\src\\entities\\Person.js","statementMap":{"0":{"start":{"line":3,"column":4},"end":{"line":3,"column":31}},"1":{"start":{"line":4,"column":4},"end":{"line":4,"column":29}}},"fnMap":{"0":{"name":"(anonymous_0)","decl":{"start":{"line":2,"column":2},"end":{"line":2,"column":3}},"loc":{"start":{"line":2,"column":35},"end":{"line":5,"column":3}},"line":2}},"branchMap":{},"s":{"0":0,"1":0},"f":{"0":0},"b":{},"_coverageSchema":"1a1c01bbd47fc00a2c39e90264f33305004495a9","hash":"77196096bd04c27c441834145e11fed46af1b995"}
,"C:\\Users\\Efim\\Desktop\\ANKO\\zoo-js\\src\\utils\\defaultValues.js": {"path":"C:\\Users\\Efim\\Desktop\\ANKO\\zoo-js\\src\\utils\\defaultValues.js","statementMap":{"0":{"start":{"line":6,"column":30},"end":{"line":17,"column":3}},"1":{"start":{"line":7,"column":4},"end":{"line":16,"column":6}},"2":{"start":{"line":19,"column":29},"end":{"line":29,"column":3}},"3":{"start":{"line":20,"column":4},"end":{"line":28,"column":6}}},"fnMap":{"0":{"name":"(anonymous_0)","decl":{"start":{"line":6,"column":30},"end":{"line":6,"column":31}},"loc":{"start":{"line":6,"column":36},"end":{"line":17,"column":3}},"line":6},"1":{"name":"(anonymous_1)","decl":{"start":{"line":19,"column":29},"end":{"line":19,"column":30}},"loc":{"start":{"line":19,"column":35},"end":{"line":29,"column":3}},"line":19}},"branchMap":{},"s":{"0":1,"1":0,"2":1,"3":4},"f":{"0":0,"1":4},"b":{},"_coverageSchema":"1a1c01bbd47fc00a2c39e90264f33305004495a9","hash":"f446c345890f8501e0bf111ebf91df313f136c2a"}
,"C:\\Users\\Efim\\Desktop\\ANKO\\zoo-js\\src\\validators\\AddressValidator.js": {"path":"C:\\Users\\Efim\\Desktop\\ANKO\\zoo-js\\src\\validators\\AddressValidator.js","statementMap":{"0":{"start":{"line":2,"column":22},"end":{"line":16,"column":3}},"1":{"start":{"line":18,"column":24},"end":{"line":25,"column":3}},"2":{"start":{"line":28,"column":17},"end":{"line":28,"column":19}},"3":{"start":{"line":30,"column":4},"end":{"line":32,"column":5}},"4":{"start":{"line":31,"column":6},"end":{"line":31,"column":53}},"5":{"start":{"line":34,"column":4},"end":{"line":39,"column":5}},"6":{"start":{"line":38,"column":6},"end":{"line":38,"column":59}},"7":{"start":{"line":41,"column":4},"end":{"line":46,"column":5}},"8":{"start":{"line":45,"column":6},"end":{"line":45,"column":59}},"9":{"start":{"line":48,"column":4},"end":{"line":53,"column":5}},"10":{"start":{"line":52,"column":6},"end":{"line":52,"column":59}},"11":{"start":{"line":55,"column":4},"end":{"line":57,"column":5}},"12":{"start":{"line":56,"column":6},"end":{"line":56,"column":52}},"13":{"start":{"line":59,"column":4},"end":{"line":64,"column":5}},"14":{"start":{"line":63,"column":6},"end":{"line":63,"column":54}},"15":{"start":{"line":66,"column":4},"end":{"line":68,"column":5}},"16":{"start":{"line":67,"column":6},"end":{"line":67,"column":45}},"17":{"start":{"line":70,"column":4},"end":{"line":72,"column":5}},"18":{"start":{"line":71,"column":6},"end":{"line":71,"column":51}},"19":{"start":{"line":74,"column":4},"end":{"line":76,"column":5}},"20":{"start":{"line":75,"column":6},"end":{"line":75,"column":51}},"21":{"start":{"line":78,"column":4},"end":{"line":83,"column":5}},"22":{"start":{"line":82,"column":6},"end":{"line":82,"column":57}},"23":{"start":{"line":85,"column":4},"end":{"line":87,"column":5}},"24":{"start":{"line":86,"column":6},"end":{"line":86,"column":46}},"25":{"start":{"line":89,"column":4},"end":{"line":94,"column":5}},"26":{"start":{"line":93,"column":6},"end":{"line":93,"column":52}},"27":{"start":{"line":96,"column":4},"end":{"line":98,"column":5}},"28":{"start":{"line":97,"column":6},"end":{"line":97,"column":48}},"29":{"start":{"line":100,"column":4},"end":{"line":107,"column":5}},"30":{"start":{"line":106,"column":6},"end":{"line":106,"column":50}},"31":{"start":{"line":109,"column":4},"end":{"line":109,"column":18}}},"fnMap":{"0":{"name":"(anonymous_0)","decl":{"start":{"line":27,"column":2},"end":{"line":27,"column":3}},"loc":{"start":{"line":27,"column":27},"end":{"line":110,"column":3}},"line":27}},"branchMap":{"0":{"loc":{"start":{"line":30,"column":4},"end":{"line":32,"column":5}},"type":"if","locations":[{"start":{"line":30,"column":4},"end":{"line":32,"column":5}},{"start":{},"end":{}}],"line":30},"1":{"loc":{"start":{"line":34,"column":4},"end":{"line":39,"column":5}},"type":"if","locations":[{"start":{"line":34,"column":4},"end":{"line":39,"column":5}},{"start":{},"end":{}}],"line":34},"2":{"loc":{"start":{"line":35,"column":6},"end":{"line":36,"column":70}},"type":"binary-expr","locations":[{"start":{"line":35,"column":6},"end":{"line":35,"column":33}},{"start":{"line":36,"column":6},"end":{"line":36,"column":70}}],"line":35},"3":{"loc":{"start":{"line":41,"column":4},"end":{"line":46,"column":5}},"type":"if","locations":[{"start":{"line":41,"column":4},"end":{"line":46,"column":5}},{"start":{},"end":{}}],"line":41},"4":{"loc":{"start":{"line":42,"column":6},"end":{"line":43,"column":70}},"type":"binary-expr","locations":[{"start":{"line":42,"column":6},"end":{"line":42,"column":33}},{"start":{"line":43,"column":6},"end":{"line":43,"column":70}}],"line":42},"5":{"loc":{"start":{"line":48,"column":4},"end":{"line":53,"column":5}},"type":"if","locations":[{"start":{"line":48,"column":4},"end":{"line":53,"column":5}},{"start":{},"end":{}}],"line":48},"6":{"loc":{"start":{"line":49,"column":6},"end":{"line":50,"column":70}},"type":"binary-expr","locations":[{"start":{"line":49,"column":6},"end":{"line":49,"column":33}},{"start":{"line":50,"column":6},"end":{"line":50,"column":70}}],"line":49},"7":{"loc":{"start":{"line":55,"column":4},"end":{"line":57,"column":5}},"type":"if","locations":[{"start":{"line":55,"column":4},"end":{"line":57,"column":5}},{"start":{},"end":{}}],"line":55},"8":{"loc":{"start":{"line":59,"column":4},"end":{"line":64,"column":5}},"type":"if","locations":[{"start":{"line":59,"column":4},"end":{"line":64,"column":5}},{"start":{},"end":{}}],"line":59},"9":{"loc":{"start":{"line":60,"column":6},"end":{"line":61,"column":67}},"type":"binary-expr","locations":[{"start":{"line":60,"column":6},"end":{"line":60,"column":25}},{"start":{"line":61,"column":6},"end":{"line":61,"column":67}}],"line":60},"10":{"loc":{"start":{"line":66,"column":4},"end":{"line":68,"column":5}},"type":"if","locations":[{"start":{"line":66,"column":4},"end":{"line":68,"column":5}},{"start":{},"end":{}}],"line":66},"11":{"loc":{"start":{"line":70,"column":4},"end":{"line":72,"column":5}},"type":"if","locations":[{"start":{"line":70,"column":4},"end":{"line":72,"column":5}},{"start":{},"end":{}}],"line":70},"12":{"loc":{"start":{"line":70,"column":8},"end":{"line":70,"column":77}},"type":"binary-expr","locations":[{"start":{"line":70,"column":8},"end":{"line":70,"column":20}},{"start":{"line":70,"column":24},"end":{"line":70,"column":77}}],"line":70},"13":{"loc":{"start":{"line":74,"column":4},"end":{"line":76,"column":5}},"type":"if","locations":[{"start":{"line":74,"column":4},"end":{"line":76,"column":5}},{"start":{},"end":{}}],"line":74},"14":{"loc":{"start":{"line":78,"column":4},"end":{"line":83,"column":5}},"type":"if","locations":[{"start":{"line":78,"column":4},"end":{"line":83,"column":5}},{"start":{},"end":{}}],"line":78},"15":{"loc":{"start":{"line":79,"column":6},"end":{"line":80,"column":71}},"type":"binary-expr","locations":[{"start":{"line":79,"column":6},"end":{"line":79,"column":24}},{"start":{"line":80,"column":6},"end":{"line":80,"column":71}}],"line":79},"16":{"loc":{"start":{"line":85,"column":4},"end":{"line":87,"column":5}},"type":"if","locations":[{"start":{"line":85,"column":4},"end":{"line":87,"column":5}},{"start":{},"end":{}}],"line":85},"17":{"loc":{"start":{"line":89,"column":4},"end":{"line":94,"column":5}},"type":"if","locations":[{"start":{"line":89,"column":4},"end":{"line":94,"column":5}},{"start":{},"end":{}}],"line":89},"18":{"loc":{"start":{"line":90,"column":6},"end":{"line":91,"column":61}},"type":"binary-expr","locations":[{"start":{"line":90,"column":6},"end":{"line":90,"column":19}},{"start":{"line":91,"column":6},"end":{"line":91,"column":61}}],"line":90},"19":{"loc":{"start":{"line":96,"column":4},"end":{"line":98,"column":5}},"type":"if","locations":[{"start":{"line":96,"column":4},"end":{"line":98,"column":5}},{"start":{},"end":{}}],"line":96},"20":{"loc":{"start":{"line":100,"column":4},"end":{"line":107,"column":5}},"type":"if","locations":[{"start":{"line":100,"column":4},"end":{"line":107,"column":5}},{"start":{},"end":{}}],"line":100},"21":{"loc":{"start":{"line":101,"column":6},"end":{"line":104,"column":7}},"type":"binary-expr","locations":[{"start":{"line":101,"column":6},"end":{"line":101,"column":21}},{"start":{"line":102,"column":6},"end":{"line":104,"column":7}}],"line":101}},"s":{"0":1,"1":1,"2":4,"3":4,"4":0,"5":4,"6":0,"7":4,"8":0,"9":4,"10":0,"11":4,"12":0,"13":4,"14":0,"15":4,"16":0,"17":4,"18":0,"19":4,"20":0,"21":4,"22":0,"23":4,"24":0,"25":4,"26":0,"27":4,"28":0,"29":4,"30":0,"31":4},"f":{"0":4},"b":{"0":[0,4],"1":[0,4],"2":[4,4],"3":[0,4],"4":[4,4],"5":[0,4],"6":[4,4],"7":[0,4],"8":[0,4],"9":[4,4],"10":[0,4],"11":[0,4],"12":[4,4],"13":[0,4],"14":[0,4],"15":[4,4],"16":[0,4],"17":[0,4],"18":[4,4],"19":[0,4],"20":[0,4],"21":[4,4]},"_coverageSchema":"1a1c01bbd47fc00a2c39e90264f33305004495a9","hash":"2e0d0dd5ed99aa70820783e909127c8603778121"}
}
