TN:
SF:src\entities\Address.js
FN:2,(anonymous_0)
FNF:1
FNH:1
FNDA:4,(anonymous_0)
DA:11,4
DA:12,4
DA:13,4
DA:14,4
DA:15,4
DA:16,4
DA:17,4
LF:7
LH:7
BRF:0
BRH:0
end_of_record
TN:
SF:src\entities\Customer.js
FN:4,(anonymous_0)
FNF:1
FNH:0
FNDA:0,(anonymous_0)
DA:14,0
DA:15,0
DA:16,0
DA:17,0
DA:18,0
DA:19,0
DA:25,0
LF:7
LH:0
BRF:0
BRH:0
end_of_record
TN:
SF:src\entities\Person.js
FN:2,(anonymous_0)
FNF:1
FNH:0
FNDA:0,(anonymous_0)
DA:3,0
DA:4,0
LF:2
LH:0
BRF:0
BRH:0
end_of_record
TN:
SF:src\utils\defaultValues.js
FN:6,(anonymous_0)
FN:19,(anonymous_1)
FNF:2
FNH:1
FNDA:0,(anonymous_0)
FNDA:4,(anonymous_1)
DA:6,1
DA:7,0
DA:19,1
DA:20,4
LF:4
LH:3
BRF:0
BRH:0
end_of_record
TN:
SF:src\validators\AddressValidator.js
FN:27,(anonymous_0)
FNF:1
FNH:1
FNDA:4,(anonymous_0)
DA:2,1
DA:18,1
DA:28,4
DA:30,4
DA:31,0
DA:34,4
DA:38,0
DA:41,4
DA:45,0
DA:48,4
DA:52,0
DA:55,4
DA:56,0
DA:59,4
DA:63,0
DA:66,4
DA:67,0
DA:70,4
DA:71,0
DA:74,4
DA:75,0
DA:78,4
DA:82,0
DA:85,4
DA:86,0
DA:89,4
DA:93,0
DA:96,4
DA:97,0
DA:100,4
DA:106,0
DA:109,4
LF:32
LH:18
BRDA:30,0,0,0
BRDA:30,0,1,4
BRDA:34,1,0,0
BRDA:34,1,1,4
BRDA:35,2,0,4
BRDA:35,2,1,4
BRDA:41,3,0,0
BRDA:41,3,1,4
BRDA:42,4,0,4
BRDA:42,4,1,4
BRDA:48,5,0,0
BRDA:48,5,1,4
BRDA:49,6,0,4
BRDA:49,6,1,4
BRDA:55,7,0,0
BRDA:55,7,1,4
BRDA:59,8,0,0
BRDA:59,8,1,4
BRDA:60,9,0,4
BRDA:60,9,1,4
BRDA:66,10,0,0
BRDA:66,10,1,4
BRDA:70,11,0,0
BRDA:70,11,1,4
BRDA:70,12,0,4
BRDA:70,12,1,4
BRDA:74,13,0,0
BRDA:74,13,1,4
BRDA:78,14,0,0
BRDA:78,14,1,4
BRDA:79,15,0,4
BRDA:79,15,1,4
BRDA:85,16,0,0
BRDA:85,16,1,4
BRDA:89,17,0,0
BRDA:89,17,1,4
BRDA:90,18,0,4
BRDA:90,18,1,4
BRDA:96,19,0,0
BRDA:96,19,1,4
BRDA:100,20,0,0
BRDA:100,20,1,4
BRDA:101,21,0,4
BRDA:101,21,1,4
BRF:44
BRH:30
end_of_record
